<?xml version="1.0" encoding="UTF-8"?>
<dataset>
  <_PERSONS _ID="1" _FIRST_NAME="Homer" _LAST_NAME="Simpson" _GENDER="MALE"   _DATE_OF_BIRTH="1968-01-12"/>
  <_PERSONS _ID="2" _FIRST_NAME="Bart"  _LAST_NAME="Simpson" _GENDER="MALE"   _DATE_OF_BIRTH="2004-10-28"/>
  <_PERSONS _ID="3" _FIRST_NAME="Marge" _LAST_NAME="Simpson" _GENDER="FEMALE" _DATE_OF_BIRTH="2009-06-09"/>
  <_PERSONS _ID="4" _FIRST_NAME="Lisa"  _LAST_NAME="Simpson" _GENDER="FEMALE" _DATE_OF_BIRTH="2010-06-16"/>
  <_PERSONS _ID="5" _FIRST_NAME="Meggy" _LAST_NAME="Simpson" _GENDER="FEMALE" _DATE_OF_BIRTH="1963-06-13"/>
</dataset>